2020-02-20 11:08:33.535  INFO 10444 --- [restartedMain] c.j.community.CommunityApplication       : Starting CommunityApplication on DESKTOP-PDE9RP5 with PID 10444 (F:\IntelliJWorkSpace\community\target\classes started by 17240 in F:\IntelliJWorkSpace\community)
2020-02-20 11:08:33.537  INFO 10444 --- [restartedMain] c.j.community.CommunityApplication       : No active profile set, falling back to default profiles: default
2020-02-20 11:08:33.575  INFO 10444 --- [restartedMain] .e.DevToolsPropertyDefaultsPostProcessor : Devtools property defaults active! Set 'spring.devtools.add-properties' to 'false' to disable
2020-02-20 11:08:33.590  INFO 10444 --- [restartedMain] .e.DevToolsPropertyDefaultsPostProcessor : For additional web related logging consider setting the 'logging.level.web' property to 'DEBUG'
2020-02-20 11:08:34.321  INFO 10444 --- [restartedMain] o.s.b.w.embedded.tomcat.TomcatWebServer  : Tomcat initialized with port(s): 8887 (http)
2020-02-20 11:08:34.328  INFO 10444 --- [restartedMain] o.apache.catalina.core.StandardService   : Starting service [Tomcat]
2020-02-20 11:08:34.328  INFO 10444 --- [restartedMain] org.apache.catalina.core.StandardEngine  : Starting Servlet engine: [Apache Tomcat/9.0.30]
2020-02-20 11:08:34.393  INFO 10444 --- [restartedMain] o.a.c.c.C.[Tomcat].[localhost].[/]       : Initializing Spring embedded WebApplicationContext
2020-02-20 11:08:34.393  INFO 10444 --- [restartedMain] o.s.web.context.ContextLoader            : Root WebApplicationContext: initialization completed in 802 ms
2020-02-20 11:08:34.416  INFO 10444 --- [restartedMain] com.zaxxer.hikari.HikariDataSource       : HikariPool-1 - Starting...
2020-02-20 11:08:34.519  INFO 10444 --- [restartedMain] com.zaxxer.hikari.HikariDataSource       : HikariPool-1 - Start completed.
2020-02-20 11:08:34.523  INFO 10444 --- [restartedMain] o.s.b.a.h2.H2ConsoleAutoConfiguration    : H2 console available at '/h2-console'. Database available at 'jdbc:h2:file:~/.community/db/comunity'
2020-02-20 11:08:34.857  INFO 10444 --- [restartedMain] o.s.s.concurrent.ThreadPoolTaskExecutor  : Initializing ExecutorService 'applicationTaskExecutor'
2020-02-20 11:08:34.899  INFO 10444 --- [restartedMain] o.s.b.a.w.s.WelcomePageHandlerMapping    : Adding welcome page template: index
2020-02-20 11:08:35.016  INFO 10444 --- [restartedMain] o.s.b.d.a.OptionalLiveReloadServer       : LiveReload server is running on port 35729
2020-02-20 11:08:35.046  INFO 10444 --- [restartedMain] o.s.b.w.embedded.tomcat.TomcatWebServer  : Tomcat started on port(s): 8887 (http) with context path ''
2020-02-20 11:08:35.049  INFO 10444 --- [restartedMain] c.j.community.CommunityApplication       : Started CommunityApplication in 1.76 seconds (JVM running for 2.45)
2020-02-20 11:08:43.009  INFO 10444 --- [http-nio-8887-exec-1] o.a.c.c.C.[Tomcat].[localhost].[/]       : Initializing Spring DispatcherServlet 'dispatcherServlet'
2020-02-20 11:08:43.010  INFO 10444 --- [http-nio-8887-exec-1] o.s.web.servlet.DispatcherServlet        : Initializing Servlet 'dispatcherServlet'
2020-02-20 11:08:43.015  INFO 10444 --- [http-nio-8887-exec-1] o.s.web.servlet.DispatcherServlet        : Completed initialization in 5 ms
2020-02-20 11:08:43.057 DEBUG 10444 --- [http-nio-8887-exec-1] c.j.c.m.QuestionExtMapper.countBySearch  : ==>  Preparing: select count(*) from QUESTION 
2020-02-20 11:08:43.070 DEBUG 10444 --- [http-nio-8887-exec-1] c.j.c.m.QuestionExtMapper.countBySearch  : ==> Parameters: 
2020-02-20 11:08:43.079 DEBUG 10444 --- [http-nio-8887-exec-1] c.j.c.m.QuestionExtMapper.countBySearch  : <==      Total: 1
2020-02-20 11:08:43.081 DEBUG 10444 --- [http-nio-8887-exec-1] c.j.c.m.Q.selectBySearch                 : ==>  Preparing: select * from QUESTION order by gmt_create desc limit ?,? 
2020-02-20 11:08:43.083 DEBUG 10444 --- [http-nio-8887-exec-1] c.j.c.m.Q.selectBySearch                 : ==> Parameters: 0(Integer), 8(Integer)
2020-02-20 11:08:43.087 DEBUG 10444 --- [http-nio-8887-exec-1] c.j.c.m.Q.selectBySearch                 : <==      Total: 8
2020-02-20 11:08:43.097 DEBUG 10444 --- [http-nio-8887-exec-1] c.j.c.mapper.UserMapper.selectByExample  : ==>  Preparing: select ID, ACCOUNT_ID, TOKEN, NAME, LOGIN, GMT_CREATE, GMT_MODIFIED, BIO, AVATAR_URL from USER WHERE ( ID = ? ) 
2020-02-20 11:08:43.099 DEBUG 10444 --- [http-nio-8887-exec-1] c.j.c.mapper.UserMapper.selectByExample  : ==> Parameters: 803(Long)
2020-02-20 11:08:43.099 DEBUG 10444 --- [http-nio-8887-exec-1] c.j.c.mapper.UserMapper.selectByExample  : <==      Total: 1
2020-02-20 11:08:43.103 DEBUG 10444 --- [http-nio-8887-exec-1] c.j.c.mapper.UserMapper.selectByExample  : ==>  Preparing: select ID, ACCOUNT_ID, TOKEN, NAME, LOGIN, GMT_CREATE, GMT_MODIFIED, BIO, AVATAR_URL from USER WHERE ( ID = ? ) 
2020-02-20 11:08:43.103 DEBUG 10444 --- [http-nio-8887-exec-1] c.j.c.mapper.UserMapper.selectByExample  : ==> Parameters: 802(Long)
2020-02-20 11:08:43.103 DEBUG 10444 --- [http-nio-8887-exec-1] c.j.c.mapper.UserMapper.selectByExample  : <==      Total: 1
2020-02-20 11:08:43.104 DEBUG 10444 --- [http-nio-8887-exec-1] c.j.c.mapper.UserMapper.selectByExample  : ==>  Preparing: select ID, ACCOUNT_ID, TOKEN, NAME, LOGIN, GMT_CREATE, GMT_MODIFIED, BIO, AVATAR_URL from USER WHERE ( ID = ? ) 
2020-02-20 11:08:43.104 DEBUG 10444 --- [http-nio-8887-exec-1] c.j.c.mapper.UserMapper.selectByExample  : ==> Parameters: 802(Long)
2020-02-20 11:08:43.104 DEBUG 10444 --- [http-nio-8887-exec-1] c.j.c.mapper.UserMapper.selectByExample  : <==      Total: 1
2020-02-20 11:08:43.105 DEBUG 10444 --- [http-nio-8887-exec-1] c.j.c.mapper.UserMapper.selectByExample  : ==>  Preparing: select ID, ACCOUNT_ID, TOKEN, NAME, LOGIN, GMT_CREATE, GMT_MODIFIED, BIO, AVATAR_URL from USER WHERE ( ID = ? ) 
2020-02-20 11:08:43.105 DEBUG 10444 --- [http-nio-8887-exec-1] c.j.c.mapper.UserMapper.selectByExample  : ==> Parameters: 802(Long)
2020-02-20 11:08:43.105 DEBUG 10444 --- [http-nio-8887-exec-1] c.j.c.mapper.UserMapper.selectByExample  : <==      Total: 1
2020-02-20 11:08:43.106 DEBUG 10444 --- [http-nio-8887-exec-1] c.j.c.mapper.UserMapper.selectByExample  : ==>  Preparing: select ID, ACCOUNT_ID, TOKEN, NAME, LOGIN, GMT_CREATE, GMT_MODIFIED, BIO, AVATAR_URL from USER WHERE ( ID = ? ) 
2020-02-20 11:08:43.106 DEBUG 10444 --- [http-nio-8887-exec-1] c.j.c.mapper.UserMapper.selectByExample  : ==> Parameters: 802(Long)
2020-02-20 11:08:43.106 DEBUG 10444 --- [http-nio-8887-exec-1] c.j.c.mapper.UserMapper.selectByExample  : <==      Total: 1
2020-02-20 11:08:43.107 DEBUG 10444 --- [http-nio-8887-exec-1] c.j.c.mapper.UserMapper.selectByExample  : ==>  Preparing: select ID, ACCOUNT_ID, TOKEN, NAME, LOGIN, GMT_CREATE, GMT_MODIFIED, BIO, AVATAR_URL from USER WHERE ( ID = ? ) 
2020-02-20 11:08:43.107 DEBUG 10444 --- [http-nio-8887-exec-1] c.j.c.mapper.UserMapper.selectByExample  : ==> Parameters: 802(Long)
2020-02-20 11:08:43.107 DEBUG 10444 --- [http-nio-8887-exec-1] c.j.c.mapper.UserMapper.selectByExample  : <==      Total: 1
2020-02-20 11:08:43.107 DEBUG 10444 --- [http-nio-8887-exec-1] c.j.c.mapper.UserMapper.selectByExample  : ==>  Preparing: select ID, ACCOUNT_ID, TOKEN, NAME, LOGIN, GMT_CREATE, GMT_MODIFIED, BIO, AVATAR_URL from USER WHERE ( ID = ? ) 
2020-02-20 11:08:43.107 DEBUG 10444 --- [http-nio-8887-exec-1] c.j.c.mapper.UserMapper.selectByExample  : ==> Parameters: 802(Long)
2020-02-20 11:08:43.108 DEBUG 10444 --- [http-nio-8887-exec-1] c.j.c.mapper.UserMapper.selectByExample  : <==      Total: 1
2020-02-20 11:08:43.108 DEBUG 10444 --- [http-nio-8887-exec-1] c.j.c.mapper.UserMapper.selectByExample  : ==>  Preparing: select ID, ACCOUNT_ID, TOKEN, NAME, LOGIN, GMT_CREATE, GMT_MODIFIED, BIO, AVATAR_URL from USER WHERE ( ID = ? ) 
2020-02-20 11:08:43.108 DEBUG 10444 --- [http-nio-8887-exec-1] c.j.c.mapper.UserMapper.selectByExample  : ==> Parameters: 802(Long)
2020-02-20 11:08:43.109 DEBUG 10444 --- [http-nio-8887-exec-1] c.j.c.mapper.UserMapper.selectByExample  : <==      Total: 1
2020-02-20 11:08:43.109 DEBUG 10444 --- [http-nio-8887-exec-1] c.j.c.m.Q.selectByExampleWithRowbounds   : ==>  Preparing: select ID, TITLE, GMT_CREATE, GMT_MODIFIED, CREATOR, COMMENT_COUNT, VIEW_COUNT, LIKE_COUNT, TAG from QUESTION order by view_count desc 
2020-02-20 11:08:43.110 DEBUG 10444 --- [http-nio-8887-exec-1] c.j.c.m.Q.selectByExampleWithRowbounds   : ==> Parameters: 
2020-02-20 11:08:57.085 DEBUG 10444 --- [http-nio-8887-exec-8] c.j.c.m.QuestionExtMapper.countBySearch  : ==>  Preparing: select count(*) from QUESTION 
2020-02-20 11:08:57.085 DEBUG 10444 --- [http-nio-8887-exec-8] c.j.c.m.QuestionExtMapper.countBySearch  : ==> Parameters: 
2020-02-20 11:08:57.085 DEBUG 10444 --- [http-nio-8887-exec-8] c.j.c.m.QuestionExtMapper.countBySearch  : <==      Total: 1
2020-02-20 11:08:57.086 DEBUG 10444 --- [http-nio-8887-exec-8] c.j.c.m.Q.selectBySearch                 : ==>  Preparing: select * from QUESTION order by gmt_create desc limit ?,? 
2020-02-20 11:08:57.086 DEBUG 10444 --- [http-nio-8887-exec-8] c.j.c.m.Q.selectBySearch                 : ==> Parameters: 0(Integer), 8(Integer)
2020-02-20 11:08:57.088 DEBUG 10444 --- [http-nio-8887-exec-8] c.j.c.m.Q.selectBySearch                 : <==      Total: 8
2020-02-20 11:08:57.089 DEBUG 10444 --- [http-nio-8887-exec-8] c.j.c.mapper.UserMapper.selectByExample  : ==>  Preparing: select ID, ACCOUNT_ID, TOKEN, NAME, LOGIN, GMT_CREATE, GMT_MODIFIED, BIO, AVATAR_URL from USER WHERE ( ID = ? ) 
2020-02-20 11:08:57.090 DEBUG 10444 --- [http-nio-8887-exec-8] c.j.c.mapper.UserMapper.selectByExample  : ==> Parameters: 803(Long)
2020-02-20 11:08:57.090 DEBUG 10444 --- [http-nio-8887-exec-8] c.j.c.mapper.UserMapper.selectByExample  : <==      Total: 1
2020-02-20 11:08:57.091 DEBUG 10444 --- [http-nio-8887-exec-8] c.j.c.mapper.UserMapper.selectByExample  : ==>  Preparing: select ID, ACCOUNT_ID, TOKEN, NAME, LOGIN, GMT_CREATE, GMT_MODIFIED, BIO, AVATAR_URL from USER WHERE ( ID = ? ) 
2020-02-20 11:08:57.091 DEBUG 10444 --- [http-nio-8887-exec-8] c.j.c.mapper.UserMapper.selectByExample  : ==> Parameters: 802(Long)
2020-02-20 11:08:57.091 DEBUG 10444 --- [http-nio-8887-exec-8] c.j.c.mapper.UserMapper.selectByExample  : <==      Total: 1
2020-02-20 11:08:57.092 DEBUG 10444 --- [http-nio-8887-exec-8] c.j.c.mapper.UserMapper.selectByExample  : ==>  Preparing: select ID, ACCOUNT_ID, TOKEN, NAME, LOGIN, GMT_CREATE, GMT_MODIFIED, BIO, AVATAR_URL from USER WHERE ( ID = ? ) 
2020-02-20 11:08:57.092 DEBUG 10444 --- [http-nio-8887-exec-8] c.j.c.mapper.UserMapper.selectByExample  : ==> Parameters: 802(Long)
2020-02-20 11:08:57.093 DEBUG 10444 --- [http-nio-8887-exec-8] c.j.c.mapper.UserMapper.selectByExample  : <==      Total: 1
2020-02-20 11:08:57.093 DEBUG 10444 --- [http-nio-8887-exec-8] c.j.c.mapper.UserMapper.selectByExample  : ==>  Preparing: select ID, ACCOUNT_ID, TOKEN, NAME, LOGIN, GMT_CREATE, GMT_MODIFIED, BIO, AVATAR_URL from USER WHERE ( ID = ? ) 
2020-02-20 11:08:57.094 DEBUG 10444 --- [http-nio-8887-exec-8] c.j.c.mapper.UserMapper.selectByExample  : ==> Parameters: 802(Long)
2020-02-20 11:08:57.094 DEBUG 10444 --- [http-nio-8887-exec-8] c.j.c.mapper.UserMapper.selectByExample  : <==      Total: 1
2020-02-20 11:08:57.094 DEBUG 10444 --- [http-nio-8887-exec-8] c.j.c.mapper.UserMapper.selectByExample  : ==>  Preparing: select ID, ACCOUNT_ID, TOKEN, NAME, LOGIN, GMT_CREATE, GMT_MODIFIED, BIO, AVATAR_URL from USER WHERE ( ID = ? ) 
2020-02-20 11:08:57.095 DEBUG 10444 --- [http-nio-8887-exec-8] c.j.c.mapper.UserMapper.selectByExample  : ==> Parameters: 802(Long)
2020-02-20 11:08:57.095 DEBUG 10444 --- [http-nio-8887-exec-8] c.j.c.mapper.UserMapper.selectByExample  : <==      Total: 1
2020-02-20 11:08:57.095 DEBUG 10444 --- [http-nio-8887-exec-8] c.j.c.mapper.UserMapper.selectByExample  : ==>  Preparing: select ID, ACCOUNT_ID, TOKEN, NAME, LOGIN, GMT_CREATE, GMT_MODIFIED, BIO, AVATAR_URL from USER WHERE ( ID = ? ) 
2020-02-20 11:08:57.095 DEBUG 10444 --- [http-nio-8887-exec-8] c.j.c.mapper.UserMapper.selectByExample  : ==> Parameters: 802(Long)
2020-02-20 11:08:57.096 DEBUG 10444 --- [http-nio-8887-exec-8] c.j.c.mapper.UserMapper.selectByExample  : <==      Total: 1
2020-02-20 11:08:57.096 DEBUG 10444 --- [http-nio-8887-exec-8] c.j.c.mapper.UserMapper.selectByExample  : ==>  Preparing: select ID, ACCOUNT_ID, TOKEN, NAME, LOGIN, GMT_CREATE, GMT_MODIFIED, BIO, AVATAR_URL from USER WHERE ( ID = ? ) 
2020-02-20 11:08:57.096 DEBUG 10444 --- [http-nio-8887-exec-8] c.j.c.mapper.UserMapper.selectByExample  : ==> Parameters: 802(Long)
2020-02-20 11:08:57.096 DEBUG 10444 --- [http-nio-8887-exec-8] c.j.c.mapper.UserMapper.selectByExample  : <==      Total: 1
2020-02-20 11:08:57.098 DEBUG 10444 --- [http-nio-8887-exec-8] c.j.c.mapper.UserMapper.selectByExample  : ==>  Preparing: select ID, ACCOUNT_ID, TOKEN, NAME, LOGIN, GMT_CREATE, GMT_MODIFIED, BIO, AVATAR_URL from USER WHERE ( ID = ? ) 
2020-02-20 11:08:57.098 DEBUG 10444 --- [http-nio-8887-exec-8] c.j.c.mapper.UserMapper.selectByExample  : ==> Parameters: 802(Long)
2020-02-20 11:08:57.099 DEBUG 10444 --- [http-nio-8887-exec-8] c.j.c.mapper.UserMapper.selectByExample  : <==      Total: 1
2020-02-20 11:08:57.099 DEBUG 10444 --- [http-nio-8887-exec-8] c.j.c.m.Q.selectByExampleWithRowbounds   : ==>  Preparing: select ID, TITLE, GMT_CREATE, GMT_MODIFIED, CREATOR, COMMENT_COUNT, VIEW_COUNT, LIKE_COUNT, TAG from QUESTION order by view_count desc 
2020-02-20 11:08:57.100 DEBUG 10444 --- [http-nio-8887-exec-8] c.j.c.m.Q.selectByExampleWithRowbounds   : ==> Parameters: 
